<?xml version="1.0" encoding="UTF-8"?>
<!-- Generated by org.testng.reporters.JUnitReportReporter -->
<testsuite hostname="shiv-homeHP" failures="0" tests="1" name="com.app.automateweb.UITestExamples" time="12.016" errors="0" timestamp="2022-08-21T09:47:22 SGT" skipped="0">
  <testcase classname="com.app.automateweb.UITestExamples" name="clickSubmitButtonWithValues" time="12.016"/>
  <system-out/>
</testsuite> <!-- com.app.automateweb.UITestExamples -->
