<?xml version="1.0" encoding="UTF-8"?>
<!-- Generated by org.testng.reporters.JUnitReportReporter -->
<testsuite hostname="shiv-homeHP" failures="0" tests="1" name="com.app.automateweb.AppTest" time="1.917" errors="0" timestamp="2022-07-17T00:59:06 PDT" skipped="0">
  <testcase classname="com.app.automateweb.AppTest" name="guru99tutorials" time="1.917"/>
  <system-out/>
</testsuite> <!-- com.app.automateweb.AppTest -->
